<?xml version="1.0" encoding="UTF-8"?>
<!-- Generated by org.testng.reporters.JUnitXMLReporter -->
<testsuite ignored="0" hostname="DESKTOP-JUA9SJ7" failures="1" tests="1" name="Test" time="25.944" errors="0" timestamp="2025-08-21T18:12:47 IST">
  <testcase classname="testCases.TC002_LoginTest" name="test_LoginTest" time="14.487">
    <failure type="java.lang.AssertionError" message="null">
      <![CDATA[java.lang.AssertionError: null
at testCases.TC002_LoginTest.test_LoginTest(TC002_LoginTest.java:42)
at java.base/java.util.ArrayList.forEach(ArrayList.java:1596)
... Removed 27 stack frames]]>
    </failure>
  </testcase> <!-- test_LoginTest -->
</testsuite> <!-- Test -->
