<?xml version="1.0" encoding="UTF-8"?>
<testng-results ignored="0" total="1" passed="1" failed="0" skipped="0">
  <reporter-output>
  </reporter-output>
  <suite started-at="2025-08-23T21:45:48 IST" name="Suite" finished-at="2025-08-23T21:46:12 IST" duration-ms="24446">
    <groups>
      <group name="sanity">
        <method signature="TC002_LoginTest.test_LoginTest()[pri:0, instance:testCases.TC002_LoginTest@13d73fa]" name="test_LoginTest" class="testCases.TC002_LoginTest"/>
      </group> <!-- sanity -->
      <group name="master">
        <method signature="TC002_LoginTest.test_LoginTest()[pri:0, instance:testCases.TC002_LoginTest@13d73fa]" name="test_LoginTest" class="testCases.TC002_LoginTest"/>
      </group> <!-- master -->
    </groups>
    <test started-at="2025-08-23T21:45:48 IST" name="Test" finished-at="2025-08-23T21:46:12 IST" duration-ms="24446">
      <class name="testCases.TC002_LoginTest">
        <test-method is-config="true" signature="setup(java.lang.String,java.lang.String)[pri:0, instance:testCases.TC002_LoginTest@13d73fa]" started-at="2025-08-23T21:45:49 IST" name="setup" finished-at="2025-08-23T21:45:59 IST" duration-ms="10585" status="PASS">
          <params>
            <param index="0">
              <value>
                <![CDATA[chrome]]>
              </value>
            </param>
            <param index="1">
              <value>
                <![CDATA[Windows]]>
              </value>
            </param>
          </params>
          <reporter-output>
          </reporter-output>
        </test-method> <!-- setup -->
        <test-method signature="test_LoginTest()[pri:0, instance:testCases.TC002_LoginTest@13d73fa]" started-at="2025-08-23T21:45:59 IST" name="test_LoginTest" finished-at="2025-08-23T21:46:04 IST" duration-ms="4528" status="PASS">
          <reporter-output>
          </reporter-output>
        </test-method> <!-- test_LoginTest -->
        <test-method is-config="true" signature="tearDown()[pri:0, instance:testCases.TC002_LoginTest@13d73fa]" started-at="2025-08-23T21:46:04 IST" name="tearDown" finished-at="2025-08-23T21:46:12 IST" duration-ms="8702" status="PASS">
          <reporter-output>
          </reporter-output>
        </test-method> <!-- tearDown -->
      </class> <!-- testCases.TC002_LoginTest -->
    </test> <!-- Test -->
  </suite> <!-- Suite -->
</testng-results>
