<?xml version="1.0" encoding="UTF-8"?>
<testng-results ignored="0" total="1" passed="1" failed="0" skipped="0">
  <reporter-output>
  </reporter-output>
  <suite started-at="2025-09-09T15:47:11 IST" name="Suite" finished-at="2025-09-09T15:47:35 IST" duration-ms="24414">
    <groups>
    </groups>
    <test started-at="2025-09-09T15:47:11 IST" name="Test" finished-at="2025-09-09T15:47:35 IST" duration-ms="24414">
      <class name="testCases.TC006_AddToWishListTest">
        <test-method is-config="true" signature="setup(java.lang.String,java.lang.String)[pri:0, instance:testCases.TC006_AddToWishListTest@64ba3208]" started-at="2025-09-09T15:47:11 IST" name="setup" finished-at="2025-09-09T15:47:28 IST" duration-ms="16504" status="PASS">
          <params>
            <param index="0">
              <value>
                <![CDATA[chrome]]>
              </value>
            </param>
            <param index="1">
              <value>
                <![CDATA[Windows]]>
              </value>
            </param>
          </params>
          <reporter-output>
          </reporter-output>
        </test-method> <!-- setup -->
        <test-method signature="AddToWishListTest()[pri:0, instance:testCases.TC006_AddToWishListTest@64ba3208]" started-at="2025-09-09T15:47:28 IST" name="AddToWishListTest" finished-at="2025-09-09T15:47:34 IST" duration-ms="6164" status="PASS">
          <reporter-output>
          </reporter-output>
        </test-method> <!-- AddToWishListTest -->
        <test-method is-config="true" signature="tearDown()[pri:0, instance:testCases.TC006_AddToWishListTest@64ba3208]" started-at="2025-09-09T15:47:34 IST" name="tearDown" finished-at="2025-09-09T15:47:35 IST" duration-ms="1019" status="PASS">
          <reporter-output>
          </reporter-output>
        </test-method> <!-- tearDown -->
      </class> <!-- testCases.TC006_AddToWishListTest -->
    </test> <!-- Test -->
  </suite> <!-- Suite -->
</testng-results>
