<?xml version="1.0" encoding="UTF-8"?>
<testng-results ignored="0" total="1" passed="1" failed="0" skipped="0">
  <reporter-output>
  </reporter-output>
  <suite started-at="2025-08-21T20:49:41 IST" name="Failed suite [Suite]" finished-at="2025-08-21T20:49:54 IST" duration-ms="13726">
    <groups>
      <group name="sanity">
        <method signature="TC002_LoginTest.test_LoginTest()[pri:0, instance:testCases.TC002_LoginTest@6622fc65]" name="test_LoginTest" class="testCases.TC002_LoginTest"/>
      </group> <!-- sanity -->
      <group name="master">
        <method signature="TC002_LoginTest.test_LoginTest()[pri:0, instance:testCases.TC002_LoginTest@6622fc65]" name="test_LoginTest" class="testCases.TC002_LoginTest"/>
      </group> <!-- master -->
    </groups>
    <test started-at="2025-08-21T20:49:41 IST" name="Test(failed)" finished-at="2025-08-21T20:49:54 IST" duration-ms="13726">
      <class name="testCases.TC002_LoginTest">
        <test-method is-config="true" signature="setup(java.lang.String,java.lang.String)[pri:0, instance:testCases.TC002_LoginTest@6622fc65]" started-at="2025-08-21T20:49:41 IST" name="setup" finished-at="2025-08-21T20:49:49 IST" duration-ms="8171" status="PASS">
          <params>
            <param index="0">
              <value>
                <![CDATA[chrome]]>
              </value>
            </param>
            <param index="1">
              <value>
                <![CDATA[Windows]]>
              </value>
            </param>
          </params>
          <reporter-output>
          </reporter-output>
        </test-method> <!-- setup -->
        <test-method signature="test_LoginTest()[pri:0, instance:testCases.TC002_LoginTest@6622fc65]" started-at="2025-08-21T20:49:49 IST" name="test_LoginTest" finished-at="2025-08-21T20:49:54 IST" duration-ms="4342" status="PASS">
          <reporter-output>
          </reporter-output>
        </test-method> <!-- test_LoginTest -->
        <test-method is-config="true" signature="tearDown()[pri:0, instance:testCases.TC002_LoginTest@6622fc65]" started-at="2025-08-21T20:49:54 IST" name="tearDown" finished-at="2025-08-21T20:49:54 IST" duration-ms="598" status="PASS">
          <reporter-output>
          </reporter-output>
        </test-method> <!-- tearDown -->
      </class> <!-- testCases.TC002_LoginTest -->
    </test> <!-- Test(failed) -->
  </suite> <!-- Failed suite [Suite] -->
</testng-results>
